<?xml version="1.0" encoding="UTF-8"?>
<!-- Generated by org.testng.reporters.JUnitXMLReporter -->
<testsuite hostname="BBMachine2" name="Verify Items in CartPage2" tests="8" failures="1" timestamp="6 Jun 2018 12:53:21 GMT" time="107.446" errors="0">
  <testcase name="CheckMyntraHomePage" time="0.038" classname="com.myntra.TestAutomation.VerifyClearProductFromCartPage"/>
  <testcase name="clickOnLOginButton" time="3.852" classname="com.myntra.TestAutomation.VerifyClearProductFromCartPage"/>
  <testcase name="enerUserCredentials" time="12.373" classname="com.myntra.TestAutomation.VerifyClearProductFromCartPage"/>
  <testcase name="searchForProducts" time="6.634" classname="com.myntra.TestAutomation.VerifyClearProductFromCartPage"/>
  <testcase name="userSelectFirstProduct" time="0.374" classname="com.myntra.TestAutomation.VerifyClearProductFromCartPage"/>
  <testcase name="clickOnWhishListOption" time="2.284" classname="com.myntra.TestAutomation.VerifyClearProductFromCartPage"/>
  <testcase name="clickAddToBagButton" time="4.481" classname="com.myntra.TestAutomation.VerifyClearProductFromCartPage"/>
  <testcase name="userCheckItemAddInCart" time="60.253" classname="com.myntra.TestAutomation.VerifyClearProductFromCartPage">
    <failure type="org.openqa.selenium.NoSuchElementException" message="Proxy element for: DefaultElementLocator &amp;apos;By.xpath: //span[@class=&amp;apos;myntraweb-sprite desktop-iconBag sprites-bag&amp;apos;]&amp;apos; is not displayed on https://www.myntra.com/checkout/cart. 
For documentation on this error, please visit: http://seleniumhq.org/exceptions/no_such_element.html
Build info: version: &amp;apos;2.53.1&amp;apos;, revision: &amp;apos;a36b8b1cd5757287168e54b817830adce9b0158d&amp;apos;, time: &amp;apos;2016-06-30 19:26:09&amp;apos;
System info: host: &amp;apos;BBMachine2&amp;apos;, ip: &amp;apos;192.168.0.117&amp;apos;, os.name: &amp;apos;Windows 8.1&amp;apos;, os.arch: &amp;apos;amd64&amp;apos;, os.version: &amp;apos;6.3&amp;apos;, java.version: &amp;apos;1.8.0_60&amp;apos;
Driver info: driver.version: unknown">
      <![CDATA[org.openqa.selenium.NoSuchElementException: Proxy element for: DefaultElementLocator 'By.xpath: //span[@class='myntraweb-sprite desktop-iconBag sprites-bag']' is not displayed on https://www.myntra.com/checkout/cart. 
For documentation on this error, please visit: http://seleniumhq.org/exceptions/no_such_element.html
Build info: version: '2.53.1', revision: 'a36b8b1cd5757287168e54b817830adce9b0158d', time: '2016-06-30 19:26:09'
System info: host: 'BBMachine2', ip: '192.168.0.117', os.name: 'Windows 8.1', os.arch: 'amd64', os.version: '6.3', java.version: '1.8.0_60'
Driver info: driver.version: unknown
	at com.myntra.TestAutomation.BasePage.click(BasePage.java:40)
	at com.myntra.TestAutomation.HomePage.clickOnCartButton(HomePage.java:95)
	at com.myntra.TestAutomation.VerifyClearProductFromCartPage.userCheckItemAddInCart(VerifyClearProductFromCartPage.java:75)
Caused by: org.openqa.selenium.TimeoutException: Timed out after 60 seconds waiting for element to be clickable: Proxy element for: DefaultElementLocator 'By.xpath: //span[@class='myntraweb-sprite desktop-iconBag sprites-bag']'
Build info: version: '2.53.1', revision: 'a36b8b1cd5757287168e54b817830adce9b0158d', time: '2016-06-30 19:26:09'
System info: host: 'BBMachine2', ip: '192.168.0.117', os.name: 'Windows 8.1', os.arch: 'amd64', os.version: '6.3', java.version: '1.8.0_60'
Driver info: org.openqa.selenium.chrome.ChromeDriver
Capabilities [{applicationCacheEnabled=false, rotatable=false, mobileEmulationEnabled=false, networkConnectionEnabled=false, chrome={chromedriverVersion=2.38.552522 (437e6fbedfa8762dec75e2c5b3ddb86763dc9dcb), userDataDir=C:\Users\Agranee\AppData\Local\Temp\scoped_dir7732_24156}, takesHeapSnapshot=true, pageLoadStrategy=normal, databaseEnabled=false, handlesAlerts=true, hasTouchScreen=false, version=66.0.3359.181, platform=WIN8_1, browserConnectionEnabled=false, nativeEvents=true, acceptSslCerts=false, acceptInsecureCerts=false, locationContextEnabled=true, webStorageEnabled=true, browserName=chrome, takesScreenshot=true, javascriptEnabled=true, cssSelectorsEnabled=true, setWindowRect=true, unexpectedAlertBehaviour=}]
Session ID: 8efa6250e1aa15f74cafceb34058a258
	at org.openqa.selenium.support.ui.WebDriverWait.timeoutException(WebDriverWait.java:80)
	at org.openqa.selenium.support.ui.FluentWait.until(FluentWait.java:261)
	at com.myntra.TestAutomation.BasePage.click(BasePage.java:36)
	... 26 more
Caused by: org.openqa.selenium.NoSuchElementException: no such element: Unable to locate element: {"method":"xpath","selector":"//span[@class='myntraweb-sprite desktop-iconBag sprites-bag']"}
  (Session info: chrome=66.0.3359.181)
  (Driver info: chromedriver=2.38.552522 (437e6fbedfa8762dec75e2c5b3ddb86763dc9dcb),platform=Windows NT 6.3.9600 x86_64) (WARNING: The server did not provide any stacktrace information)
Command duration or timeout: 35 milliseconds
For documentation on this error, please visit: http://seleniumhq.org/exceptions/no_such_element.html
Build info: version: '2.53.1', revision: 'a36b8b1cd5757287168e54b817830adce9b0158d', time: '2016-06-30 19:26:09'
System info: host: 'BBMachine2', ip: '192.168.0.117', os.name: 'Windows 8.1', os.arch: 'amd64', os.version: '6.3', java.version: '1.8.0_60'
Driver info: org.openqa.selenium.chrome.ChromeDriver
Capabilities [{applicationCacheEnabled=false, rotatable=false, mobileEmulationEnabled=false, networkConnectionEnabled=false, chrome={chromedriverVersion=2.38.552522 (437e6fbedfa8762dec75e2c5b3ddb86763dc9dcb), userDataDir=C:\Users\Agranee\AppData\Local\Temp\scoped_dir7732_24156}, takesHeapSnapshot=true, pageLoadStrategy=normal, databaseEnabled=false, handlesAlerts=true, hasTouchScreen=false, version=66.0.3359.181, platform=WIN8_1, browserConnectionEnabled=false, nativeEvents=true, acceptSslCerts=false, acceptInsecureCerts=false, locationContextEnabled=true, webStorageEnabled=true, browserName=chrome, takesScreenshot=true, javascriptEnabled=true, cssSelectorsEnabled=true, setWindowRect=true, unexpectedAlertBehaviour=}]
Session ID: 8efa6250e1aa15f74cafceb34058a258
*** Element info: {Using=xpath, value=//span[@class='myntraweb-sprite desktop-iconBag sprites-bag']}
	at org.openqa.selenium.remote.ErrorHandler.createThrowable(ErrorHandler.java:206)
	at org.openqa.selenium.remote.ErrorHandler.throwIfResponseFailed(ErrorHandler.java:158)
	at org.openqa.selenium.remote.RemoteWebDriver.execute(RemoteWebDriver.java:678)
	at org.openqa.selenium.remote.RemoteWebDriver.findElement(RemoteWebDriver.java:363)
	at org.openqa.selenium.remote.RemoteWebDriver.findElementByXPath(RemoteWebDriver.java:500)
	at org.openqa.selenium.By$ByXPath.findElement(By.java:361)
	at org.openqa.selenium.remote.RemoteWebDriver.findElement(RemoteWebDriver.java:355)
	at org.openqa.selenium.support.pagefactory.DefaultElementLocator.findElement(DefaultElementLocator.java:69)
	at org.openqa.selenium.support.pagefactory.internal.LocatingElementHandler.invoke(LocatingElementHandler.java:38)
	at com.sun.proxy.$Proxy14.isDisplayed(Unknown Source)
	at org.openqa.selenium.support.ui.ExpectedConditions.elementIfVisible(ExpectedConditions.java:302)
	at org.openqa.selenium.support.ui.ExpectedConditions.access$100(ExpectedConditions.java:41)
	at org.openqa.selenium.support.ui.ExpectedConditions$10.apply(ExpectedConditions.java:288)
	at org.openqa.selenium.support.ui.ExpectedConditions$10.apply(ExpectedConditions.java:285)
	at org.openqa.selenium.support.ui.ExpectedConditions$23.apply(ExpectedConditions.java:687)
	at org.openqa.selenium.support.ui.ExpectedConditions$23.apply(ExpectedConditions.java:680)
	at org.openqa.selenium.support.ui.FluentWait.until(FluentWait.java:238)
	... 27 more
... Removed 27 stack frames]]>
    </failure>
  </testcase> <!-- userCheckItemAddInCart -->
</testsuite> <!-- Verify Items in CartPage2 -->
